<?xml version="1.0" encoding="UTF-8"?>
<testng-results skipped="0" failed="0" ignored="0" total="1" passed="1">
  <reporter-output>
  </reporter-output>
  <suite name="Default suite" duration-ms="897" started-at="2018-07-21T10:16:48Z" finished-at="2018-07-21T10:16:49Z">
    <groups>
    </groups>
    <test name="Default test" duration-ms="897" started-at="2018-07-21T10:16:48Z" finished-at="2018-07-21T10:16:49Z">
      <class name="test.DeleteStudent">
        <test-method status="PASS" signature="beforeSuite(org.testng.ITestContext)[pri:0, instance:test.DeleteStudent@159f197]" name="beforeSuite" is-config="true" duration-ms="1279" started-at="2018-07-21T05:16:47Z" finished-at="2018-07-21T05:16:48Z">
          <params>
            <param index="0">
              <value>
                <![CDATA[org.testng.TestRunner@5767b2af]]>
              </value>
            </param>
          </params>
          <reporter-output>
          </reporter-output>
        </test-method> <!-- beforeSuite -->
        <test-method status="PASS" signature="springTestContextBeforeTestClass()[pri:0, instance:test.DeleteStudent@159f197]" name="springTestContextBeforeTestClass" is-config="true" duration-ms="1" started-at="2018-07-21T05:16:48Z" finished-at="2018-07-21T05:16:48Z">
          <reporter-output>
          </reporter-output>
        </test-method> <!-- springTestContextBeforeTestClass -->
        <test-method status="PASS" signature="springTestContextPrepareTestInstance()[pri:0, instance:test.DeleteStudent@159f197]" name="springTestContextPrepareTestInstance" is-config="true" duration-ms="1" started-at="2018-07-21T05:16:48Z" depends-on-methods="org.springframework.test.context.testng.AbstractTestNGSpringContextTests.springTestContextBeforeTestClass" finished-at="2018-07-21T05:16:48Z">
          <reporter-output>
          </reporter-output>
        </test-method> <!-- springTestContextPrepareTestInstance -->
        <test-method status="PASS" signature="springTestContextBeforeTestMethod(java.lang.reflect.Method)[pri:0, instance:test.DeleteStudent@159f197]" name="springTestContextBeforeTestMethod" is-config="true" duration-ms="1" started-at="2018-07-21T05:16:48Z" finished-at="2018-07-21T05:16:48Z">
          <params>
            <param index="0">
              <value>
                <![CDATA[public void test.DeleteStudent.deleteStudent()]]>
              </value>
            </param>
          </params>
          <reporter-output>
          </reporter-output>
        </test-method> <!-- springTestContextBeforeTestMethod -->
        <test-method status="PASS" signature="deleteStudent()[pri:0, instance:test.DeleteStudent@159f197]" name="deleteStudent" duration-ms="878" started-at="2018-07-21T05:16:48Z" finished-at="2018-07-21T05:16:49Z">
          <reporter-output>
          </reporter-output>
        </test-method> <!-- deleteStudent -->
        <test-method status="PASS" signature="springTestContextAfterTestMethod(java.lang.reflect.Method)[pri:0, instance:test.DeleteStudent@159f197]" name="springTestContextAfterTestMethod" is-config="true" duration-ms="1" started-at="2018-07-21T05:16:49Z" finished-at="2018-07-21T05:16:49Z">
          <params>
            <param index="0">
              <value>
                <![CDATA[public void test.DeleteStudent.deleteStudent()]]>
              </value>
            </param>
          </params>
          <reporter-output>
          </reporter-output>
        </test-method> <!-- springTestContextAfterTestMethod -->
        <test-method status="PASS" signature="springTestContextAfterTestClass()[pri:0, instance:test.DeleteStudent@159f197]" name="springTestContextAfterTestClass" is-config="true" duration-ms="0" started-at="2018-07-21T05:16:49Z" finished-at="2018-07-21T05:16:49Z">
          <reporter-output>
          </reporter-output>
        </test-method> <!-- springTestContextAfterTestClass -->
        <test-method status="PASS" signature="afterSuite(org.testng.ITestContext)[pri:0, instance:test.DeleteStudent@159f197]" name="afterSuite" is-config="true" duration-ms="27" started-at="2018-07-21T05:16:49Z" finished-at="2018-07-21T05:16:49Z">
          <params>
            <param index="0">
              <value>
                <![CDATA[org.testng.TestRunner@5767b2af]]>
              </value>
            </param>
          </params>
          <reporter-output>
          </reporter-output>
        </test-method> <!-- afterSuite -->
      </class> <!-- test.DeleteStudent -->
    </test> <!-- Default test -->
  </suite> <!-- Default suite -->
</testng-results>
