<?xml version="1.0" encoding="UTF-8"?>
<testng-results skipped="0" failed="0" ignored="0" total="1" passed="1">
  <reporter-output>
  </reporter-output>
  <suite name="Default suite" duration-ms="911" started-at="2018-07-21T03:13:07Z" finished-at="2018-07-21T03:13:08Z">
    <groups>
    </groups>
    <test name="Default test" duration-ms="911" started-at="2018-07-21T03:13:07Z" finished-at="2018-07-21T03:13:08Z">
      <class name="test.CreateStudentPosIT">
        <test-method status="PASS" signature="beforeSuite(org.testng.ITestContext)[pri:0, instance:test.CreateStudentPosIT@778d1062]" name="beforeSuite" is-config="true" duration-ms="1230" started-at="2018-07-20T22:13:06Z" finished-at="2018-07-20T22:13:07Z">
          <params>
            <param index="0">
              <value>
                <![CDATA[org.testng.TestRunner@4fe01805]]>
              </value>
            </param>
          </params>
          <reporter-output>
          </reporter-output>
        </test-method> <!-- beforeSuite -->
        <test-method status="PASS" signature="springTestContextBeforeTestClass()[pri:0, instance:test.CreateStudentPosIT@778d1062]" name="springTestContextBeforeTestClass" is-config="true" duration-ms="1" started-at="2018-07-20T22:13:07Z" finished-at="2018-07-20T22:13:07Z">
          <reporter-output>
          </reporter-output>
        </test-method> <!-- springTestContextBeforeTestClass -->
        <test-method status="PASS" signature="springTestContextPrepareTestInstance()[pri:0, instance:test.CreateStudentPosIT@778d1062]" name="springTestContextPrepareTestInstance" is-config="true" duration-ms="1" started-at="2018-07-20T22:13:07Z" depends-on-methods="org.springframework.test.context.testng.AbstractTestNGSpringContextTests.springTestContextBeforeTestClass" finished-at="2018-07-20T22:13:07Z">
          <reporter-output>
          </reporter-output>
        </test-method> <!-- springTestContextPrepareTestInstance -->
        <test-method status="PASS" signature="springTestContextBeforeTestMethod(java.lang.reflect.Method)[pri:0, instance:test.CreateStudentPosIT@778d1062]" name="springTestContextBeforeTestMethod" is-config="true" duration-ms="1" started-at="2018-07-20T22:13:07Z" finished-at="2018-07-20T22:13:07Z">
          <params>
            <param index="0">
              <value>
                <![CDATA[public void test.CreateStudentPosIT.createStudent()]]>
              </value>
            </param>
          </params>
          <reporter-output>
          </reporter-output>
        </test-method> <!-- springTestContextBeforeTestMethod -->
        <test-method status="PASS" signature="createStudent()[pri:0, instance:test.CreateStudentPosIT@778d1062]" name="createStudent" duration-ms="888" started-at="2018-07-20T22:13:07Z" finished-at="2018-07-20T22:13:08Z">
          <reporter-output>
          </reporter-output>
        </test-method> <!-- createStudent -->
        <test-method status="PASS" signature="springTestContextAfterTestMethod(java.lang.reflect.Method)[pri:0, instance:test.CreateStudentPosIT@778d1062]" name="springTestContextAfterTestMethod" is-config="true" duration-ms="1" started-at="2018-07-20T22:13:08Z" finished-at="2018-07-20T22:13:08Z">
          <params>
            <param index="0">
              <value>
                <![CDATA[public void test.CreateStudentPosIT.createStudent()]]>
              </value>
            </param>
          </params>
          <reporter-output>
          </reporter-output>
        </test-method> <!-- springTestContextAfterTestMethod -->
        <test-method status="PASS" signature="springTestContextAfterTestClass()[pri:0, instance:test.CreateStudentPosIT@778d1062]" name="springTestContextAfterTestClass" is-config="true" duration-ms="0" started-at="2018-07-20T22:13:08Z" finished-at="2018-07-20T22:13:08Z">
          <reporter-output>
          </reporter-output>
        </test-method> <!-- springTestContextAfterTestClass -->
        <test-method status="PASS" signature="afterSuite(org.testng.ITestContext)[pri:0, instance:test.CreateStudentPosIT@778d1062]" name="afterSuite" is-config="true" duration-ms="31" started-at="2018-07-20T22:13:08Z" finished-at="2018-07-20T22:13:08Z">
          <params>
            <param index="0">
              <value>
                <![CDATA[org.testng.TestRunner@4fe01805]]>
              </value>
            </param>
          </params>
          <reporter-output>
          </reporter-output>
        </test-method> <!-- afterSuite -->
      </class> <!-- test.CreateStudentPosIT -->
    </test> <!-- Default test -->
  </suite> <!-- Default suite -->
</testng-results>
